<?xml version="1.0" encoding="UTF-8"?>
<testsuite xmlns:xsi="http://www.w3.org/2001/XMLSchema-instance" xsi:noNamespaceSchemaLocation="https://maven.apache.org/surefire/maven-surefire-plugin/xsd/surefire-test-report.xsd" version="3.0.2" name="com.myking.serverapp.ServerappApplicationTests" time="5.377" tests="1" errors="0" skipped="0" failures="0">
  <properties>
[...]
</properties>
  <testcase name="contextLoads" classname="com.myking.serverapp.ServerappApplicationTests" time="1.328">
    <system-out><![CDATA[11:02:33.788 [main] INFO org.springframework.test.context.support.AnnotationConfigContextLoaderUtils -- Could not detect default configuration classes for test class [com.myking.serverapp.ServerappApplicationTests]: ServerappApplicationTests does not declare any static, non-private, non-final, nested classes annotated with @Configuration.
11:02:34.021 [main] INFO org.springframework.boot.test.context.SpringBootTestContextBootstrapper -- Found @SpringBootConfiguration com.myking.serverapp.ServerappApplication for test class com.myking.serverapp.ServerappApplicationTests
11:02:34.418 [main] INFO org.springframework.boot.devtools.restart.RestartApplicationListener -- Restart disabled due to context in which it is running

  .   ____          _            __ _ _
 /\\ / ___'_ __ _ _(_)_ __  __ _ \ \ \ \
( ( )\___ | '_ | '_| | '_ \/ _` | \ \ \ \
 \\/  ___)| |_)| | | | | || (_| |  ) ) ) )
  '  |____| .__|_| |_|_| |_\__, | / / / /
 =========|_|==============|___/=/_/_/_/

 :: Spring Boot ::                (v3.5.6)

2025-10-20T11:02:35.040+08:00  INFO 2336 --- [serverapp] [           main] c.m.serverapp.ServerappApplicationTests  : Starting ServerappApplicationTests using Java 17.0.16 with PID 2336 (started by thinkpad in C:\Bootcamp\serverapp)
2025-10-20T11:02:35.045+08:00  INFO 2336 --- [serverapp] [           main] c.m.serverapp.ServerappApplicationTests  : No active profile set, falling back to 1 default profile: "default"
2025-10-20T11:02:37.566+08:00  INFO 2336 --- [serverapp] [           main] c.m.serverapp.ServerappApplicationTests  : Started ServerappApplicationTests in 3.176 seconds (process running for 4.978)
]]></system-out>
  </testcase>
</testsuite>